
> whatsapp-bot-panel@2.0.0 start
> node server.js

[04.01.2026 17:45:10] Server başlatıldı: http://localhost:3000
[04.01.2026 17:45:10] WhatsApp Client başlatılıyor...
[04.01.2026 17:45:16] Kimlik doğrulama başarılı!
[04.01.2026 17:45:16] WhatsApp bağlantısı kuruldu!
[04.01.2026 17:45:16] Zamanlanmış görevler ayarlandı
[04.01.2026 17:45:55] Yeni web bağlantısı: Q24s6_HvV_EEy5eOAAAB
[04.01.2026 17:46:59] 0 yeni numara eklendi (Toplam: 2 numara)
[04.01.2026 17:46:59] Zamanlanmış görevler ayarlandı
[04.01.2026 17:47:01] Davet linki gönderme işlemi başlatılıyor...
[04.01.2026 17:47:01] Davet linki alınıyor... (Deneme: 1/3)
[04.01.2026 17:47:01] Davet kodu boş döndü, yeni kod oluşturuluyor...
[04.01.2026 17:47:02] Davet linki alma hatası (2 deneme kaldı): t
[04.01.2026 17:47:02] 5 saniye bekleniyor...
[04.01.2026 17:47:07] Davet linki alınıyor... (Deneme: 2/3)
[04.01.2026 17:47:07] Davet kodu boş döndü, yeni kod oluşturuluyor...
[04.01.2026 17:47:07] Davet linki alma hatası (1 deneme kaldı): t
[04.01.2026 17:47:07] 5 saniye bekleniyor...
[04.01.2026 17:47:12] Davet linki alınıyor... (Deneme: 3/3)
[04.01.2026 17:47:12] Davet kodu boş döndü, yeni kod oluşturuluyor...
[04.01.2026 17:47:13] Davet linki alma hatası (0 deneme kaldı): t
[04.01.2026 17:47:13] Davet linki alınamadı! Tüm denemeler tükendi.
[04.01.2026 17:47:13] Davet linki alınamadı!
[04.01.2026 17:50:48] Web bağlantısı koptu: Q24s6_HvV_EEy5eOAAAB
[04.01.2026 17:54:27] Yeni web bağlantısı: qz1elRupJD8qmQO8AAAD
[04.01.2026 17:54:58] 0 yeni numara eklendi (Toplam: 2 numara)
[04.01.2026 17:54:58] Zamanlanmış görevler ayarlandı
[04.01.2026 17:55:01] Davet linki gönderme işlemi başlatılıyor...
[04.01.2026 17:55:01] Davet linki alınıyor... (Deneme: 1/3)
[04.01.2026 17:55:01] Davet kodu boş döndü, yeni kod oluşturuluyor...
[04.01.2026 17:55:01] Davet linki alma hatası (2 deneme kaldı): t
[04.01.2026 17:55:01] 5 saniye bekleniyor...
[04.01.2026 17:55:06] Davet linki alınıyor... (Deneme: 2/3)
[04.01.2026 17:55:06] Davet kodu boş döndü, yeni kod oluşturuluyor...
[04.01.2026 17:55:07] Davet linki alma hatası (1 deneme kaldı): t
[04.01.2026 17:55:07] 5 saniye bekleniyor...
[04.01.2026 17:55:12] Davet linki alınıyor... (Deneme: 3/3)
[04.01.2026 17:55:12] Davet kodu boş döndü, yeni kod oluşturuluyor...
[04.01.2026 17:55:12] Davet linki alma hatası (0 deneme kaldı): t
[04.01.2026 17:55:12] Davet linki alınamadı! Tüm denemeler tükendi.
[04.01.2026 17:55:12] Davet linki alınamadı!
